2023-11-02 16:23:49.957  INFO 10740 --- [main] com.mt.springmongo.DemoApp               : Starting DemoApp v1.0 on GJANGILI-IN with PID 10740 (D:\Interview_preperation\Edurekha_DevOps_Certified_Engineer\dockerContent\compose application\spring-boot-mongo.jar started by gjangili in D:\Interview_preperation\Edurekha_DevOps_Certified_Engineer\dockerContent\compose application)
2023-11-02 16:23:49.967  INFO 10740 --- [main] com.mt.springmongo.DemoApp               : No active profile set, falling back to default profiles: default
2023-11-02 16:23:51.676  INFO 10740 --- [main] .s.d.r.c.RepositoryConfigurationDelegate : Bootstrapping Spring Data repositories in DEFAULT mode.
2023-11-02 16:23:51.818  INFO 10740 --- [main] .s.d.r.c.RepositoryConfigurationDelegate : Finished Spring Data repository scanning in 125ms. Found 1 repository interfaces.
2023-11-02 16:23:53.417  INFO 10740 --- [main] o.s.b.w.embedded.tomcat.TomcatWebServer  : Tomcat initialized with port(s): 8080 (http)
2023-11-02 16:23:53.472  INFO 10740 --- [main] o.apache.catalina.core.StandardService   : Starting service [Tomcat]
2023-11-02 16:23:53.474  INFO 10740 --- [main] org.apache.catalina.core.StandardEngine  : Starting Servlet engine: [Apache Tomcat/9.0.19]
2023-11-02 16:23:53.681  INFO 10740 --- [main] o.a.c.c.C.[Tomcat].[localhost].[/]       : Initializing Spring embedded WebApplicationContext
2023-11-02 16:23:53.683  INFO 10740 --- [main] o.s.web.context.ContextLoader            : Root WebApplicationContext: initialization completed in 3578 ms
2023-11-02 16:23:55.152  INFO 10740 --- [main] org.mongodb.driver.cluster               : Cluster created with settings {hosts=[localhost:27017], mode=SINGLE, requiredClusterType=UNKNOWN, serverSelectionTimeout='30000 ms', maxWaitQueueSize=500}
2023-11-02 16:23:55.247  INFO 10740 --- [cluster-ClusterId{value='65437fc3084a9429f4ba5b1a', description='null'}-localhost:27017] org.mongodb.driver.cluster               : Exception in monitor thread while connecting to server localhost:27017

com.mongodb.MongoSocketOpenException: Exception opening socket
	at com.mongodb.internal.connection.SocketStream.open(SocketStream.java:67) ~[mongodb-driver-core-3.8.2.jar!/:na]
	at com.mongodb.internal.connection.InternalStreamConnection.open(InternalStreamConnection.java:126) ~[mongodb-driver-core-3.8.2.jar!/:na]
	at com.mongodb.internal.connection.DefaultServerMonitor$ServerMonitorRunnable.run(DefaultServerMonitor.java:117) ~[mongodb-driver-core-3.8.2.jar!/:na]
	at java.base/java.lang.Thread.run(Thread.java:833) ~[na:na]
Caused by: java.net.ConnectException: Connection refused: no further information
	at java.base/sun.nio.ch.Net.pollConnect(Native Method) ~[na:na]
	at java.base/sun.nio.ch.Net.pollConnectNow(Net.java:672) ~[na:na]
	at java.base/sun.nio.ch.NioSocketImpl.timedFinishConnect(NioSocketImpl.java:542) ~[na:na]
	at java.base/sun.nio.ch.NioSocketImpl.connect(NioSocketImpl.java:597) ~[na:na]
	at java.base/java.net.SocksSocketImpl.connect(SocksSocketImpl.java:327) ~[na:na]
	at java.base/java.net.Socket.connect(Socket.java:633) ~[na:na]
	at com.mongodb.internal.connection.SocketStreamHelper.initialize(SocketStreamHelper.java:64) ~[mongodb-driver-core-3.8.2.jar!/:na]
	at com.mongodb.internal.connection.SocketStream.open(SocketStream.java:62) ~[mongodb-driver-core-3.8.2.jar!/:na]
	... 3 common frames omitted

2023-11-02 16:23:56.971  INFO 10740 --- [main] o.s.b.w.embedded.tomcat.TomcatWebServer  : Tomcat started on port(s): 8080 (http) with context path ''
2023-11-02 16:23:56.978  INFO 10740 --- [main] com.mt.springmongo.DemoApp               : Started DemoApp in 8.95 seconds (JVM running for 10.226)
